Started GET "/" for ::1 at 2020-11-01 17:08:46 -0300
  [1m[35m (9.9ms)[0m  [1m[34mSELECT "schema_migrations"."version" FROM "schema_migrations" ORDER BY "schema_migrations"."version" ASC[0m
  ↳ /home/tomas/.rvm/gems/ruby-2.7.1/gems/activerecord-5.2.4.4/lib/active_record/log_subscriber.rb:98
  
ActiveRecord::PendingMigrationError (

Migrations are pending. To resolve this issue, run:

        bin/rails db:migrate RAILS_ENV=development

):
  
activerecord (5.2.4.4) lib/active_record/migration.rb:579:in `check_pending!'
activerecord (5.2.4.4) lib/active_record/migration.rb:556:in `call'
actionpack (5.2.4.4) lib/action_dispatch/middleware/callbacks.rb:28:in `block in call'
activesupport (5.2.4.4) lib/active_support/callbacks.rb:98:in `run_callbacks'
actionpack (5.2.4.4) lib/action_dispatch/middleware/callbacks.rb:26:in `call'
actionpack (5.2.4.4) lib/action_dispatch/middleware/executor.rb:14:in `call'
actionpack (5.2.4.4) lib/action_dispatch/middleware/debug_exceptions.rb:61:in `call'
web-console (3.7.0) lib/web_console/middleware.rb:135:in `call_app'
web-console (3.7.0) lib/web_console/middleware.rb:30:in `block in call'
web-console (3.7.0) lib/web_console/middleware.rb:20:in `catch'
web-console (3.7.0) lib/web_console/middleware.rb:20:in `call'
actionpack (5.2.4.4) lib/action_dispatch/middleware/show_exceptions.rb:33:in `call'
railties (5.2.4.4) lib/rails/rack/logger.rb:38:in `call_app'
railties (5.2.4.4) lib/rails/rack/logger.rb:26:in `block in call'
activesupport (5.2.4.4) lib/active_support/tagged_logging.rb:71:in `block in tagged'
activesupport (5.2.4.4) lib/active_support/tagged_logging.rb:28:in `tagged'
activesupport (5.2.4.4) lib/active_support/tagged_logging.rb:71:in `tagged'
railties (5.2.4.4) lib/rails/rack/logger.rb:26:in `call'
sprockets-rails (3.2.1) lib/sprockets/rails/quiet_assets.rb:13:in `call'
actionpack (5.2.4.4) lib/action_dispatch/middleware/remote_ip.rb:81:in `call'
actionpack (5.2.4.4) lib/action_dispatch/middleware/request_id.rb:27:in `call'
rack (2.2.3) lib/rack/method_override.rb:24:in `call'
rack (2.2.3) lib/rack/runtime.rb:22:in `call'
activesupport (5.2.4.4) lib/active_support/cache/strategy/local_cache_middleware.rb:29:in `call'
actionpack (5.2.4.4) lib/action_dispatch/middleware/executor.rb:14:in `call'
actionpack (5.2.4.4) lib/action_dispatch/middleware/static.rb:127:in `call'
rack (2.2.3) lib/rack/sendfile.rb:110:in `call'
railties (5.2.4.4) lib/rails/engine.rb:524:in `call'
puma (3.12.6) lib/puma/configuration.rb:227:in `call'
puma (3.12.6) lib/puma/server.rb:706:in `handle_request'
puma (3.12.6) lib/puma/server.rb:476:in `process_client'
puma (3.12.6) lib/puma/server.rb:334:in `block in run'
puma (3.12.6) lib/puma/thread_pool.rb:135:in `block in spawn_thread'
  [1m[35m (3.8ms)[0m  [1m[34mSELECT pg_try_advisory_lock(2475692201543870295)[0m
  ↳ /home/tomas/.rvm/rubies/ruby-2.7.1/lib/ruby/gems/2.7.0/gems/rake-13.0.1/lib/rake/task.rb:281
  [1m[35m (3.2ms)[0m  [1m[34mSELECT "schema_migrations"."version" FROM "schema_migrations" ORDER BY "schema_migrations"."version" ASC[0m
  ↳ /home/tomas/.rvm/rubies/ruby-2.7.1/lib/ruby/gems/2.7.0/gems/rake-13.0.1/lib/rake/task.rb:281
Migrating to CreateServicios (20201023211330)
  [1m[35m (0.9ms)[0m  [1m[35mBEGIN[0m
  ↳ /home/tomas/.rvm/rubies/ruby-2.7.1/lib/ruby/gems/2.7.0/gems/rake-13.0.1/lib/rake/task.rb:281
  [1m[35m (93.4ms)[0m  [1m[35mCREATE TABLE "servicios" ("id" bigserial primary key, "title" character varying, "user_id" bigint, "body" text, "price" integer, "created_at" timestamp NOT NULL, "updated_at" timestamp NOT NULL, CONSTRAINT "fk_rails_fba4c96abf"
FOREIGN KEY ("user_id")
  REFERENCES "users" ("id")
)[0m
  ↳ db/migrate/20201023211330_create_servicios.rb:3
  [1m[35m (8.0ms)[0m  [1m[35mCREATE  INDEX  "index_servicios_on_user_id" ON "servicios"  ("user_id")[0m
  ↳ db/migrate/20201023211330_create_servicios.rb:3
  [1m[36mActiveRecord::SchemaMigration Create (1.8ms)[0m  [1m[32mINSERT INTO "schema_migrations" ("version") VALUES ($1) RETURNING "version"[0m  [["version", "20201023211330"]]
  ↳ /home/tomas/.rvm/rubies/ruby-2.7.1/lib/ruby/gems/2.7.0/gems/rake-13.0.1/lib/rake/task.rb:281
  [1m[35m (2.1ms)[0m  [1m[35mCOMMIT[0m
  ↳ /home/tomas/.rvm/rubies/ruby-2.7.1/lib/ruby/gems/2.7.0/gems/rake-13.0.1/lib/rake/task.rb:281
Migrating to CreateServicecomments (20201023231945)
  [1m[35m (1.5ms)[0m  [1m[35mBEGIN[0m
  ↳ /home/tomas/.rvm/rubies/ruby-2.7.1/lib/ruby/gems/2.7.0/gems/rake-13.0.1/lib/rake/task.rb:281
  [1m[35m (23.3ms)[0m  [1m[35mCREATE TABLE "servicecomments" ("id" bigserial primary key, "user_id" bigint, "body" text, "servicio_id" bigint, "created_at" timestamp NOT NULL, "updated_at" timestamp NOT NULL, CONSTRAINT "fk_rails_a273193e92"
FOREIGN KEY ("user_id")
  REFERENCES "users" ("id")
, CONSTRAINT "fk_rails_24af1bdf12"
FOREIGN KEY ("servicio_id")
  REFERENCES "servicios" ("id")
)[0m
  ↳ db/migrate/20201023231945_create_servicecomments.rb:3
  [1m[35m (6.3ms)[0m  [1m[35mCREATE  INDEX  "index_servicecomments_on_user_id" ON "servicecomments"  ("user_id")[0m
  ↳ db/migrate/20201023231945_create_servicecomments.rb:3
  [1m[35m (8.6ms)[0m  [1m[35mCREATE  INDEX  "index_servicecomments_on_servicio_id" ON "servicecomments"  ("servicio_id")[0m
  ↳ db/migrate/20201023231945_create_servicecomments.rb:3
  [1m[36mActiveRecord::SchemaMigration Create (1.0ms)[0m  [1m[32mINSERT INTO "schema_migrations" ("version") VALUES ($1) RETURNING "version"[0m  [["version", "20201023231945"]]
  ↳ /home/tomas/.rvm/rubies/ruby-2.7.1/lib/ruby/gems/2.7.0/gems/rake-13.0.1/lib/rake/task.rb:281
  [1m[35m (1.3ms)[0m  [1m[35mCOMMIT[0m
  ↳ /home/tomas/.rvm/rubies/ruby-2.7.1/lib/ruby/gems/2.7.0/gems/rake-13.0.1/lib/rake/task.rb:281
  [1m[36mActiveRecord::InternalMetadata Load (6.4ms)[0m  [1m[34mSELECT  "ar_internal_metadata".* FROM "ar_internal_metadata" WHERE "ar_internal_metadata"."key" = $1 LIMIT $2[0m  [["key", "environment"], ["LIMIT", 1]]
  ↳ /home/tomas/.rvm/rubies/ruby-2.7.1/lib/ruby/gems/2.7.0/gems/rake-13.0.1/lib/rake/task.rb:281
  [1m[35m (0.4ms)[0m  [1m[35mBEGIN[0m
  ↳ /home/tomas/.rvm/rubies/ruby-2.7.1/lib/ruby/gems/2.7.0/gems/rake-13.0.1/lib/rake/task.rb:281
  [1m[35m (0.4ms)[0m  [1m[35mCOMMIT[0m
  ↳ /home/tomas/.rvm/rubies/ruby-2.7.1/lib/ruby/gems/2.7.0/gems/rake-13.0.1/lib/rake/task.rb:281
  [1m[35m (0.5ms)[0m  [1m[34mSELECT pg_advisory_unlock(2475692201543870295)[0m
  ↳ /home/tomas/.rvm/rubies/ruby-2.7.1/lib/ruby/gems/2.7.0/gems/rake-13.0.1/lib/rake/task.rb:281
  [1m[35m (0.7ms)[0m  [1m[34mSELECT "schema_migrations"."version" FROM "schema_migrations" ORDER BY "schema_migrations"."version" ASC[0m
  ↳ /home/tomas/.rvm/rubies/ruby-2.7.1/lib/ruby/gems/2.7.0/gems/rake-13.0.1/lib/rake/task.rb:281
Started GET "/" for ::1 at 2020-11-01 17:09:40 -0300
  [1m[35m (0.7ms)[0m  [1m[34mSELECT "schema_migrations"."version" FROM "schema_migrations" ORDER BY "schema_migrations"."version" ASC[0m
  ↳ /home/tomas/.rvm/gems/ruby-2.7.1/gems/activerecord-5.2.4.4/lib/active_record/log_subscriber.rb:98
Processing by HomePageController#home as HTML
  [1m[35m (9.1ms)[0m  [1m[34mSELECT COUNT(*) FROM "users"[0m
  ↳ app/controllers/home_page_controller.rb:5
  Rendering home_page/home.html.erb within layouts/application
  Rendered home_page/home.html.erb within layouts/application (0.9ms)
Completed 200 OK in 3250ms (Views: 3130.5ms | ActiveRecord: 13.0ms)


Started GET "/users/sign_up" for ::1 at 2020-11-01 17:09:48 -0300
Processing by Devise::RegistrationsController#new as HTML
  Rendering users/registrations/new.html.erb within layouts/application
  Rendered users/shared/_error_messages.html.erb (0.9ms)
  Rendered users/shared/_links.html.erb (4.2ms)
  Rendered users/registrations/new.html.erb within layouts/application (14482.2ms)
Completed 200 OK in 15097ms (Views: 15022.5ms | ActiveRecord: 20.9ms)


Started POST "/users" for ::1 at 2020-11-01 17:10:30 -0300
Processing by Devise::RegistrationsController#create as HTML
  Parameters: {"utf8"=>"✓", "authenticity_token"=>"r73t9VYPt1yRSuzIMUrsibyTtiP+rltg0aP3fAOSA2qyY3qLou7PDTNzzqw6fJUvM9ksZAJ0xMcZHo20fq+DSw==", "user"=>{"name"=>"Tomas Rivera", "comunas_id"=>"22", "email"=>"111@111.com", "password"=>"[FILTERED]", "password_confirmation"=>"[FILTERED]"}, "commit"=>"Sign up"}
Unpermitted parameter: :password_confirmation
  [1m[35m (0.6ms)[0m  [1m[35mBEGIN[0m
  ↳ /home/tomas/.rvm/gems/ruby-2.7.1/gems/activerecord-5.2.4.4/lib/active_record/log_subscriber.rb:98
  [1m[36mUser Exists (8.7ms)[0m  [1m[34mSELECT  1 AS one FROM "users" WHERE "users"."email" = $1 LIMIT $2[0m  [["email", "111@111.com"], ["LIMIT", 1]]
  ↳ /home/tomas/.rvm/gems/ruby-2.7.1/gems/activerecord-5.2.4.4/lib/active_record/log_subscriber.rb:98
  [1m[36mUser Create (39.8ms)[0m  [1m[32mINSERT INTO "users" ("email", "encrypted_password", "created_at", "updated_at", "name", "comunas_id") VALUES ($1, $2, $3, $4, $5, $6) RETURNING "id"[0m  [["email", "111@111.com"], ["encrypted_password", "$2a$12$xdjs8qEj.qdMz6Ir0ROt7e4jueZ42BSO7uzrHGHXy/EPECV5aWZGe"], ["created_at", "2020-11-01 20:10:31.169168"], ["updated_at", "2020-11-01 20:10:31.169168"], ["name", "Tomas Rivera"], ["comunas_id", 22]]
  ↳ /home/tomas/.rvm/gems/ruby-2.7.1/gems/activerecord-5.2.4.4/lib/active_record/log_subscriber.rb:98
  [1m[36mRole Load (6.0ms)[0m  [1m[34mSELECT  "roles".* FROM "roles" WHERE "roles"."code" = $1 LIMIT $2[0m  [["code", "default"], ["LIMIT", 1]]
  ↳ app/models/user.rb:25
  [1m[36mUser Update (3.7ms)[0m  [1m[33mUPDATE "users" SET "updated_at" = $1, "role_id" = $2 WHERE "users"."id" = $3[0m  [["updated_at", "2020-11-01 20:10:31.326388"], ["role_id", 1], ["id", 4]]
  ↳ app/models/user.rb:25
  [1m[35m (3.0ms)[0m  [1m[35mCOMMIT[0m
  ↳ /home/tomas/.rvm/gems/ruby-2.7.1/gems/activerecord-5.2.4.4/lib/active_record/log_subscriber.rb:98
Redirected to http://localhost:3000/
Completed 302 Found in 993ms (ActiveRecord: 88.7ms)


Started GET "/" for ::1 at 2020-11-01 17:10:31 -0300
Processing by HomePageController#home as HTML
  [1m[35m (1.2ms)[0m  [1m[34mSELECT COUNT(*) FROM "users"[0m
  ↳ app/controllers/home_page_controller.rb:5
  Rendering home_page/home.html.erb within layouts/application
  Rendered home_page/home.html.erb within layouts/application (1.0ms)
  [1m[36mUser Load (0.9ms)[0m  [1m[34mSELECT  "users".* FROM "users" WHERE "users"."id" = $1 ORDER BY "users"."id" ASC LIMIT $2[0m  [["id", 4], ["LIMIT", 1]]
  ↳ app/views/layouts/application.html.erb:11
Completed 200 OK in 330ms (Views: 306.7ms | ActiveRecord: 2.2ms)


Started GET "/settings/display" for ::1 at 2020-11-01 17:10:36 -0300
Processing by SettingsController#display as HTML
  Rendering settings/display.html.erb within layouts/application
  Rendered settings/display.html.erb within layouts/application (1.2ms)
  [1m[36mUser Load (1.5ms)[0m  [1m[34mSELECT  "users".* FROM "users" WHERE "users"."id" = $1 ORDER BY "users"."id" ASC LIMIT $2[0m  [["id", 4], ["LIMIT", 1]]
  ↳ app/views/layouts/application.html.erb:11
Completed 200 OK in 366ms (Views: 350.2ms | ActiveRecord: 1.5ms)


Started GET "/comunas/index" for ::1 at 2020-11-01 17:10:38 -0300
Processing by ComunasController#index as HTML
  Rendering comunas/index.html.erb within layouts/application
  [1m[36mComuna Load (1.3ms)[0m  [1m[34mSELECT "comunas".* FROM "comunas"[0m
  ↳ app/views/comunas/index.html.erb:6
  Rendered comunas/index.html.erb within layouts/application (40.5ms)
  [1m[36mUser Load (1.2ms)[0m  [1m[34mSELECT  "users".* FROM "users" WHERE "users"."id" = $1 ORDER BY "users"."id" ASC LIMIT $2[0m  [["id", 4], ["LIMIT", 1]]
  ↳ app/views/layouts/application.html.erb:11
Completed 200 OK in 352ms (Views: 299.7ms | ActiveRecord: 11.4ms)


Started GET "/comunas/new" for ::1 at 2020-11-01 17:10:42 -0300
Processing by ComunasController#new as HTML
  Rendering comunas/new.html.erb within layouts/application
  Rendered comunas/new.html.erb within layouts/application (6.2ms)
  [1m[36mUser Load (0.9ms)[0m  [1m[34mSELECT  "users".* FROM "users" WHERE "users"."id" = $1 ORDER BY "users"."id" ASC LIMIT $2[0m  [["id", 4], ["LIMIT", 1]]
  ↳ app/views/layouts/application.html.erb:11
Completed 200 OK in 263ms (Views: 252.2ms | ActiveRecord: 0.9ms)


Started POST "/comunas" for ::1 at 2020-11-01 17:10:50 -0300
Processing by ComunasController#create as JS
  Parameters: {"utf8"=>"✓", "authenticity_token"=>"MHeKHZtmKWQ+LWlTfu5aiVPXwxlcbwBh/AQ8WoA9hN5e3KqWubetvLPz2nskUQabWUhpcACEaghVhLOyn4lFGQ==", "comuna"=>{"nombre"=>"Parral"}, "commit"=>"Agregar"}
  [1m[35m (0.5ms)[0m  [1m[35mBEGIN[0m
  ↳ app/controllers/comunas_controller.rb:6
  [1m[36mComuna Create (31.4ms)[0m  [1m[32mINSERT INTO "comunas" ("nombre", "created_at", "updated_at") VALUES ($1, $2, $3) RETURNING "id"[0m  [["nombre", "Parral"], ["created_at", "2020-11-01 20:10:50.037279"], ["updated_at", "2020-11-01 20:10:50.037279"]]
  ↳ app/controllers/comunas_controller.rb:6
  [1m[35m (1.1ms)[0m  [1m[35mCOMMIT[0m
  ↳ app/controllers/comunas_controller.rb:6
Redirected to http://localhost:3000/comunas
Completed 200 OK in 57ms (ActiveRecord: 33.1ms)


Started GET "/comunas" for ::1 at 2020-11-01 17:10:50 -0300
Processing by ComunasController#index as HTML
  Rendering comunas/index.html.erb within layouts/application
  [1m[36mComuna Load (1.0ms)[0m  [1m[34mSELECT "comunas".* FROM "comunas"[0m
  ↳ app/views/comunas/index.html.erb:6
  Rendered comunas/index.html.erb within layouts/application (19.8ms)
  [1m[36mUser Load (1.2ms)[0m  [1m[34mSELECT  "users".* FROM "users" WHERE "users"."id" = $1 ORDER BY "users"."id" ASC LIMIT $2[0m  [["id", 4], ["LIMIT", 1]]
  ↳ app/views/layouts/application.html.erb:11
Completed 200 OK in 292ms (Views: 270.8ms | ActiveRecord: 2.2ms)


Started GET "/profile/profile" for ::1 at 2020-11-01 17:10:55 -0300
Processing by ProfileController#profile as HTML
  [1m[36mUser Load (1.4ms)[0m  [1m[34mSELECT  "users".* FROM "users" WHERE "users"."id" = $1 ORDER BY "users"."id" ASC LIMIT $2[0m  [["id", 4], ["LIMIT", 1]]
  ↳ /home/tomas/.rvm/gems/ruby-2.7.1/gems/activerecord-5.2.4.4/lib/active_record/log_subscriber.rb:98
  Rendering profile/profile.html.erb within layouts/application
  [1m[36mComuna Load (1.1ms)[0m  [1m[34mSELECT  "comunas".* FROM "comunas" WHERE "comunas"."id" = $1 LIMIT $2[0m  [["id", 22], ["LIMIT", 1]]
  ↳ app/views/profile/profile.html.erb:3
  Rendered profile/profile.html.erb within layouts/application (14.6ms)
Completed 200 OK in 617ms (Views: 580.0ms | ActiveRecord: 2.5ms)


Started GET "/users/edit" for ::1 at 2020-11-01 17:10:59 -0300
Processing by Devise::RegistrationsController#edit as HTML
  [1m[36mUser Load (0.6ms)[0m  [1m[34mSELECT  "users".* FROM "users" WHERE "users"."id" = $1 ORDER BY "users"."id" ASC LIMIT $2[0m  [["id", 4], ["LIMIT", 1]]
  ↳ /home/tomas/.rvm/gems/ruby-2.7.1/gems/activerecord-5.2.4.4/lib/active_record/log_subscriber.rb:98
  Rendering users/registrations/edit.html.erb within layouts/application
  Rendered users/shared/_error_messages.html.erb (1.7ms)
  Rendered users/registrations/edit.html.erb within layouts/application (33.8ms)
Completed 200 OK in 333ms (Views: 325.6ms | ActiveRecord: 0.6ms)


Started GET "/" for ::1 at 2020-11-01 17:11:02 -0300
Processing by HomePageController#home as HTML
  [1m[35m (1.3ms)[0m  [1m[34mSELECT COUNT(*) FROM "users"[0m
  ↳ app/controllers/home_page_controller.rb:5
  Rendering home_page/home.html.erb within layouts/application
  Rendered home_page/home.html.erb within layouts/application (1.7ms)
  [1m[36mUser Load (0.8ms)[0m  [1m[34mSELECT  "users".* FROM "users" WHERE "users"."id" = $1 ORDER BY "users"."id" ASC LIMIT $2[0m  [["id", 4], ["LIMIT", 1]]
  ↳ app/views/layouts/application.html.erb:11
Completed 200 OK in 368ms (Views: 350.3ms | ActiveRecord: 2.1ms)


Started GET "/carretes/index" for ::1 at 2020-11-01 17:11:03 -0300
Processing by CarretesController#index as HTML
  [1m[36mUser Load (0.6ms)[0m  [1m[34mSELECT  "users".* FROM "users" WHERE "users"."id" = $1 ORDER BY "users"."id" ASC LIMIT $2[0m  [["id", 4], ["LIMIT", 1]]
  ↳ /home/tomas/.rvm/gems/ruby-2.7.1/gems/activerecord-5.2.4.4/lib/active_record/log_subscriber.rb:98
  Rendering carretes/index.html.erb within layouts/application
  [1m[36mCarrete Load (5.3ms)[0m  [1m[34mSELECT "carretes".* FROM "carretes"[0m
  ↳ app/views/carretes/index.html.erb:5
  [1m[36mUser Load (1.1ms)[0m  [1m[34mSELECT  "users".* FROM "users" WHERE "users"."id" = $1 LIMIT $2[0m  [["id", 2], ["LIMIT", 1]]
  ↳ app/views/carretes/index.html.erb:8
  [1m[36mComuna Load (1.1ms)[0m  [1m[34mSELECT  "comunas".* FROM "comunas" WHERE "comunas"."id" = $1 LIMIT $2[0m  [["id", 23], ["LIMIT", 1]]
  ↳ app/views/carretes/index.html.erb:9
  Rendered carretes/index.html.erb within layouts/application (256.4ms)
Completed 200 OK in 775ms (Views: 695.0ms | ActiveRecord: 16.1ms)


Started GET "/carretes/new" for ::1 at 2020-11-01 17:11:06 -0300
Processing by CarretesController#new as HTML
  [1m[36mUser Load (0.8ms)[0m  [1m[34mSELECT  "users".* FROM "users" WHERE "users"."id" = $1 ORDER BY "users"."id" ASC LIMIT $2[0m  [["id", 4], ["LIMIT", 1]]
  ↳ /home/tomas/.rvm/gems/ruby-2.7.1/gems/activerecord-5.2.4.4/lib/active_record/log_subscriber.rb:98
  Rendering carretes/new.html.erb within layouts/application
  Rendered carretes/new.html.erb within layouts/application (4.5ms)
Completed 200 OK in 266ms (Views: 242.4ms | ActiveRecord: 0.8ms)


Started POST "/carretes" for ::1 at 2020-11-01 17:11:14 -0300
Processing by CarretesController#create as HTML
  Parameters: {"utf8"=>"✓", "authenticity_token"=>"OV2+mtpqZ0mENzf342ZaTtJX8Ldah8d3VKXnetOGNSgbWhepoZblZc1p7g0ykZ9qutgSu7UdCrU4GjoCUkQzGg==", "carrete"=>{"title"=>"Hola que trla", "body"=>"Fger", "max_price"=>"2000", "min_price"=>"10"}, "commit"=>"Crear Carrete"}
  [1m[36mUser Load (0.6ms)[0m  [1m[34mSELECT  "users".* FROM "users" WHERE "users"."id" = $1 ORDER BY "users"."id" ASC LIMIT $2[0m  [["id", 4], ["LIMIT", 1]]
  ↳ /home/tomas/.rvm/gems/ruby-2.7.1/gems/activerecord-5.2.4.4/lib/active_record/log_subscriber.rb:98
  [1m[35m (0.5ms)[0m  [1m[35mBEGIN[0m
  ↳ app/controllers/carretes_controller.rb:11
  [1m[36mCarrete Create (1.8ms)[0m  [1m[32mINSERT INTO "carretes" ("title", "body", "user_id", "max_price", "min_price", "created_at", "updated_at") VALUES ($1, $2, $3, $4, $5, $6, $7) RETURNING "id"[0m  [["title", "Hola que trla"], ["body", "Fger"], ["user_id", 4], ["max_price", 2000], ["min_price", 10], ["created_at", "2020-11-01 20:11:14.091435"], ["updated_at", "2020-11-01 20:11:14.091435"]]
  ↳ app/controllers/carretes_controller.rb:11
  [1m[35m (28.2ms)[0m  [1m[35mCOMMIT[0m
  ↳ app/controllers/carretes_controller.rb:11
  [1m[35m (0.9ms)[0m  [1m[35mBEGIN[0m
  ↳ app/models/postulacion.rb:6
  [1m[36mCarrete Load (1.2ms)[0m  [1m[34mSELECT  "carretes".* FROM "carretes" WHERE "carretes"."id" = $1 LIMIT $2[0m  [["id", 30], ["LIMIT", 1]]
  ↳ app/models/postulacion.rb:6
  [1m[36mPostulacion Create (5.2ms)[0m  [1m[32mINSERT INTO "postulacions" ("carrete_id", "created_at", "updated_at") VALUES ($1, $2, $3) RETURNING "id"[0m  [["carrete_id", 30], ["created_at", "2020-11-01 20:11:14.391528"], ["updated_at", "2020-11-01 20:11:14.391528"]]
  ↳ app/models/postulacion.rb:6
  [1m[35m (1.4ms)[0m  [1m[35mCOMMIT[0m
  ↳ app/models/postulacion.rb:6
  [1m[35m (0.8ms)[0m  [1m[35mBEGIN[0m
  ↳ app/controllers/carretes_controller.rb:14
  [1m[35m (0.8ms)[0m  [1m[35mCOMMIT[0m
  ↳ app/controllers/carretes_controller.rb:14
Redirected to http://localhost:3000/carretes/index
Completed 302 Found in 352ms (ActiveRecord: 53.2ms)


Started GET "/carretes/index" for ::1 at 2020-11-01 17:11:14 -0300
Processing by CarretesController#index as HTML
  [1m[36mUser Load (1.0ms)[0m  [1m[34mSELECT  "users".* FROM "users" WHERE "users"."id" = $1 ORDER BY "users"."id" ASC LIMIT $2[0m  [["id", 4], ["LIMIT", 1]]
  ↳ /home/tomas/.rvm/gems/ruby-2.7.1/gems/activerecord-5.2.4.4/lib/active_record/log_subscriber.rb:98
  Rendering carretes/index.html.erb within layouts/application
  [1m[36mCarrete Load (1.4ms)[0m  [1m[34mSELECT "carretes".* FROM "carretes"[0m
  ↳ app/views/carretes/index.html.erb:5
  [1m[36mUser Load (1.7ms)[0m  [1m[34mSELECT  "users".* FROM "users" WHERE "users"."id" = $1 LIMIT $2[0m  [["id", 2], ["LIMIT", 1]]
  ↳ app/views/carretes/index.html.erb:8
  [1m[36mComuna Load (1.3ms)[0m  [1m[34mSELECT  "comunas".* FROM "comunas" WHERE "comunas"."id" = $1 LIMIT $2[0m  [["id", 23], ["LIMIT", 1]]
  ↳ app/views/carretes/index.html.erb:9
  [1m[36mUser Load (2.0ms)[0m  [1m[34mSELECT  "users".* FROM "users" WHERE "users"."id" = $1 LIMIT $2[0m  [["id", 4], ["LIMIT", 1]]
  ↳ app/views/carretes/index.html.erb:8
  [1m[36mComuna Load (1.3ms)[0m  [1m[34mSELECT  "comunas".* FROM "comunas" WHERE "comunas"."id" = $1 LIMIT $2[0m  [["id", 22], ["LIMIT", 1]]
  ↳ app/views/carretes/index.html.erb:9
  Rendered carretes/index.html.erb within layouts/application (49.8ms)
Completed 200 OK in 590ms (Views: 548.7ms | ActiveRecord: 8.6ms)


Started GET "/carretes/30" for ::1 at 2020-11-01 17:11:19 -0300
Processing by CarretesController#show as HTML
  Parameters: {"id"=>"30"}
  [1m[36mCarrete Load (0.8ms)[0m  [1m[34mSELECT  "carretes".* FROM "carretes" WHERE "carretes"."id" = $1 LIMIT $2[0m  [["id", 30], ["LIMIT", 1]]
  ↳ app/controllers/carretes_controller.rb:26
  [1m[36mPostulacion Load (1.9ms)[0m  [1m[34mSELECT  "postulacions".* FROM "postulacions" WHERE "postulacions"."carrete_id" = $1 LIMIT $2[0m  [["carrete_id", 30], ["LIMIT", 1]]
  ↳ app/controllers/carretes_controller.rb:28
  Rendering carretes/show.html.erb within layouts/application
  [1m[36mUser Load (1.5ms)[0m  [1m[34mSELECT  "users".* FROM "users" WHERE "users"."id" = $1 LIMIT $2[0m  [["id", 4], ["LIMIT", 1]]
  ↳ app/views/carretes/show.html.erb:8
  [1m[36mComuna Load (1.6ms)[0m  [1m[34mSELECT  "comunas".* FROM "comunas" WHERE "comunas"."id" = $1 LIMIT $2[0m  [["id", 22], ["LIMIT", 1]]
  ↳ app/views/carretes/show.html.erb:13
  [1m[36mUser Load (1.2ms)[0m  [1m[34mSELECT  "users".* FROM "users" WHERE "users"."id" = $1 ORDER BY "users"."id" ASC LIMIT $2[0m  [["id", 4], ["LIMIT", 1]]
  ↳ app/views/carretes/show.html.erb:29
  [1m[36mComentario Load (12.1ms)[0m  [1m[34mSELECT "comentarios".* FROM "comentarios" WHERE "comentarios"."carrete_id" = $1[0m  [["carrete_id", 30]]
  ↳ app/views/carretes/show.html.erb:54
  Rendered carretes/show.html.erb within layouts/application (386.5ms)
Completed 200 OK in 822ms (Views: 770.7ms | ActiveRecord: 31.1ms)


Started POST "/postulacion.27" for ::1 at 2020-11-01 17:11:25 -0300
Processing by PostulacionsController#postular as 
  Parameters: {"utf8"=>"✓", "authenticity_token"=>"4rEaLXOjJs0yhusR+u9KD5p9yaE4r45wC+6Ld1OJzFqR/vUtrgmHsLZvrualXYj862gw4vVebu85N1hMakbToQ==", "postulacion"=>{"id"=>"27", "carrete_id"=>"30", "user_id"=>"4"}, "monto"=>"200", "commit"=>"Update Postulacion"}
  [1m[36mPostulacion Load (1.3ms)[0m  [1m[34mSELECT  "postulacions".* FROM "postulacions" WHERE "postulacions"."id" = $1 LIMIT $2[0m  [["id", 27], ["LIMIT", 1]]
  ↳ app/controllers/postulacions_controller.rb:17
  [1m[35m (0.8ms)[0m  [1m[35mBEGIN[0m
  ↳ app/controllers/postulacions_controller.rb:19
  [1m[36mCarrete Load (1.3ms)[0m  [1m[34mSELECT  "carretes".* FROM "carretes" WHERE "carretes"."id" = $1 LIMIT $2[0m  [["id", 30], ["LIMIT", 1]]
  ↳ app/controllers/postulacions_controller.rb:19
  [1m[36mPostulacion Update (1.6ms)[0m  [1m[33mUPDATE "postulacions" SET "postulaciones" = $1, "updated_at" = $2 WHERE "postulacions"."id" = $3[0m  [["postulaciones", "---\n'4': '200'\n"], ["updated_at", "2020-11-01 20:11:25.160242"], ["id", 27]]
  ↳ app/controllers/postulacions_controller.rb:19
  [1m[35m (1.7ms)[0m  [1m[35mCOMMIT[0m
  ↳ app/controllers/postulacions_controller.rb:19
No template found for PostulacionsController#postular, rendering head :no_content
Completed 204 No Content in 701ms (ActiveRecord: 6.7ms)


Started GET "/carretes/30" for ::1 at 2020-11-01 17:11:32 -0300
Processing by CarretesController#show as HTML
  Parameters: {"id"=>"30"}
  [1m[36mCarrete Load (0.7ms)[0m  [1m[34mSELECT  "carretes".* FROM "carretes" WHERE "carretes"."id" = $1 LIMIT $2[0m  [["id", 30], ["LIMIT", 1]]
  ↳ app/controllers/carretes_controller.rb:26
  [1m[36mPostulacion Load (0.7ms)[0m  [1m[34mSELECT  "postulacions".* FROM "postulacions" WHERE "postulacions"."carrete_id" = $1 LIMIT $2[0m  [["carrete_id", 30], ["LIMIT", 1]]
  ↳ app/controllers/carretes_controller.rb:28
  Rendering carretes/show.html.erb within layouts/application
  [1m[36mUser Load (1.1ms)[0m  [1m[34mSELECT  "users".* FROM "users" WHERE "users"."id" = $1 LIMIT $2[0m  [["id", 4], ["LIMIT", 1]]
  ↳ app/views/carretes/show.html.erb:8
  [1m[36mComuna Load (1.1ms)[0m  [1m[34mSELECT  "comunas".* FROM "comunas" WHERE "comunas"."id" = $1 LIMIT $2[0m  [["id", 22], ["LIMIT", 1]]
  ↳ app/views/carretes/show.html.erb:13
  [1m[36mUser Load (0.7ms)[0m  [1m[34mSELECT  "users".* FROM "users" WHERE "users"."id" = $1 ORDER BY "users"."id" ASC LIMIT $2[0m  [["id", 4], ["LIMIT", 1]]
  ↳ app/views/carretes/show.html.erb:29
  [1m[36mComentario Load (1.0ms)[0m  [1m[34mSELECT "comentarios".* FROM "comentarios" WHERE "comentarios"."carrete_id" = $1[0m  [["carrete_id", 30]]
  ↳ app/views/carretes/show.html.erb:54
  Rendered carretes/show.html.erb within layouts/application (40.6ms)
Completed 200 OK in 488ms (Views: 463.4ms | ActiveRecord: 5.2ms)


Started GET "/profile/profile" for ::1 at 2020-11-01 17:11:45 -0300
Processing by ProfileController#profile as HTML
  [1m[36mUser Load (0.6ms)[0m  [1m[34mSELECT  "users".* FROM "users" WHERE "users"."id" = $1 ORDER BY "users"."id" ASC LIMIT $2[0m  [["id", 4], ["LIMIT", 1]]
  ↳ /home/tomas/.rvm/gems/ruby-2.7.1/gems/activerecord-5.2.4.4/lib/active_record/log_subscriber.rb:98
  Rendering profile/profile.html.erb within layouts/application
  [1m[36mComuna Load (0.6ms)[0m  [1m[34mSELECT  "comunas".* FROM "comunas" WHERE "comunas"."id" = $1 LIMIT $2[0m  [["id", 22], ["LIMIT", 1]]
  ↳ app/views/profile/profile.html.erb:3
  Rendered profile/profile.html.erb within layouts/application (5.4ms)
Completed 200 OK in 259ms (Views: 240.6ms | ActiveRecord: 1.2ms)


Started GET "/users/sign_up" for ::1 at 2020-11-01 17:11:47 -0300
Processing by Devise::RegistrationsController#new as HTML
  [1m[36mUser Load (0.6ms)[0m  [1m[34mSELECT  "users".* FROM "users" WHERE "users"."id" = $1 ORDER BY "users"."id" ASC LIMIT $2[0m  [["id", 4], ["LIMIT", 1]]
  ↳ /home/tomas/.rvm/gems/ruby-2.7.1/gems/activerecord-5.2.4.4/lib/active_record/log_subscriber.rb:98
Redirected to http://localhost:3000/
Filter chain halted as :require_no_authentication rendered or redirected
Completed 302 Found in 12ms (ActiveRecord: 0.6ms)


Started GET "/" for ::1 at 2020-11-01 17:11:47 -0300
Processing by HomePageController#home as HTML
  [1m[35m (0.9ms)[0m  [1m[34mSELECT COUNT(*) FROM "users"[0m
  ↳ app/controllers/home_page_controller.rb:5
  Rendering home_page/home.html.erb within layouts/application
  Rendered home_page/home.html.erb within layouts/application (0.7ms)
  [1m[36mUser Load (0.6ms)[0m  [1m[34mSELECT  "users".* FROM "users" WHERE "users"."id" = $1 ORDER BY "users"."id" ASC LIMIT $2[0m  [["id", 4], ["LIMIT", 1]]
  ↳ app/views/layouts/application.html.erb:11
Completed 200 OK in 252ms (Views: 238.8ms | ActiveRecord: 1.5ms)


Started GET "/" for ::1 at 2020-11-01 17:11:49 -0300
Processing by HomePageController#home as HTML
  [1m[35m (1.2ms)[0m  [1m[34mSELECT COUNT(*) FROM "users"[0m
  ↳ app/controllers/home_page_controller.rb:5
  Rendering home_page/home.html.erb within layouts/application
  Rendered home_page/home.html.erb within layouts/application (0.7ms)
  [1m[36mUser Load (0.6ms)[0m  [1m[34mSELECT  "users".* FROM "users" WHERE "users"."id" = $1 ORDER BY "users"."id" ASC LIMIT $2[0m  [["id", 4], ["LIMIT", 1]]
  ↳ app/views/layouts/application.html.erb:11
Completed 200 OK in 258ms (Views: 243.6ms | ActiveRecord: 1.8ms)


Started GET "/settings/display" for ::1 at 2020-11-01 17:11:51 -0300
Processing by SettingsController#display as HTML
  Rendering settings/display.html.erb within layouts/application
  Rendered settings/display.html.erb within layouts/application (1.9ms)
  [1m[36mUser Load (0.7ms)[0m  [1m[34mSELECT  "users".* FROM "users" WHERE "users"."id" = $1 ORDER BY "users"."id" ASC LIMIT $2[0m  [["id", 4], ["LIMIT", 1]]
  ↳ app/views/layouts/application.html.erb:11
Completed 200 OK in 393ms (Views: 382.1ms | ActiveRecord: 0.7ms)


Started GET "/carretes/index" for ::1 at 2020-11-01 17:11:53 -0300
Processing by CarretesController#index as HTML
  [1m[36mUser Load (0.8ms)[0m  [1m[34mSELECT  "users".* FROM "users" WHERE "users"."id" = $1 ORDER BY "users"."id" ASC LIMIT $2[0m  [["id", 4], ["LIMIT", 1]]
  ↳ /home/tomas/.rvm/gems/ruby-2.7.1/gems/activerecord-5.2.4.4/lib/active_record/log_subscriber.rb:98
  Rendering carretes/index.html.erb within layouts/application
  [1m[36mCarrete Load (1.0ms)[0m  [1m[34mSELECT "carretes".* FROM "carretes"[0m
  ↳ app/views/carretes/index.html.erb:5
  [1m[36mUser Load (1.0ms)[0m  [1m[34mSELECT  "users".* FROM "users" WHERE "users"."id" = $1 LIMIT $2[0m  [["id", 2], ["LIMIT", 1]]
  ↳ app/views/carretes/index.html.erb:8
  [1m[36mComuna Load (0.8ms)[0m  [1m[34mSELECT  "comunas".* FROM "comunas" WHERE "comunas"."id" = $1 LIMIT $2[0m  [["id", 23], ["LIMIT", 1]]
  ↳ app/views/carretes/index.html.erb:9
  [1m[36mUser Load (0.7ms)[0m  [1m[34mSELECT  "users".* FROM "users" WHERE "users"."id" = $1 LIMIT $2[0m  [["id", 4], ["LIMIT", 1]]
  ↳ app/views/carretes/index.html.erb:8
  [1m[36mComuna Load (0.7ms)[0m  [1m[34mSELECT  "comunas".* FROM "comunas" WHERE "comunas"."id" = $1 LIMIT $2[0m  [["id", 22], ["LIMIT", 1]]
  ↳ app/views/carretes/index.html.erb:9
  Rendered carretes/index.html.erb within layouts/application (35.1ms)
Completed 200 OK in 360ms (Views: 336.4ms | ActiveRecord: 5.1ms)


Started GET "/servicio/index" for ::1 at 2020-11-01 17:11:54 -0300
Processing by ServicioController#index as HTML
  Rendering servicio/index.html.erb within layouts/application
  [1m[36mServicio Load (5.2ms)[0m  [1m[34mSELECT "servicios".* FROM "servicios"[0m
  ↳ app/views/servicio/index.html.erb:5
  Rendered servicio/index.html.erb within layouts/application (19.7ms)
  [1m[36mUser Load (1.0ms)[0m  [1m[34mSELECT  "users".* FROM "users" WHERE "users"."id" = $1 ORDER BY "users"."id" ASC LIMIT $2[0m  [["id", 4], ["LIMIT", 1]]
  ↳ app/views/layouts/application.html.erb:11
Completed 200 OK in 479ms (Views: 408.2ms | ActiveRecord: 10.7ms)


Started GET "/profile/profile" for ::1 at 2020-11-01 17:11:55 -0300
Processing by ProfileController#profile as HTML
  [1m[36mUser Load (0.7ms)[0m  [1m[34mSELECT  "users".* FROM "users" WHERE "users"."id" = $1 ORDER BY "users"."id" ASC LIMIT $2[0m  [["id", 4], ["LIMIT", 1]]
  ↳ /home/tomas/.rvm/gems/ruby-2.7.1/gems/activerecord-5.2.4.4/lib/active_record/log_subscriber.rb:98
  Rendering profile/profile.html.erb within layouts/application
  [1m[36mComuna Load (0.6ms)[0m  [1m[34mSELECT  "comunas".* FROM "comunas" WHERE "comunas"."id" = $1 LIMIT $2[0m  [["id", 22], ["LIMIT", 1]]
  ↳ app/views/profile/profile.html.erb:3
  Rendered profile/profile.html.erb within layouts/application (5.6ms)
Completed 200 OK in 286ms (Views: 267.2ms | ActiveRecord: 1.3ms)


Started GET "/" for ::1 at 2020-11-01 17:11:58 -0300
Processing by HomePageController#home as HTML
  [1m[35m (1.0ms)[0m  [1m[34mSELECT COUNT(*) FROM "users"[0m
  ↳ app/controllers/home_page_controller.rb:5
  Rendering home_page/home.html.erb within layouts/application
  Rendered home_page/home.html.erb within layouts/application (0.7ms)
  [1m[36mUser Load (0.7ms)[0m  [1m[34mSELECT  "users".* FROM "users" WHERE "users"."id" = $1 ORDER BY "users"."id" ASC LIMIT $2[0m  [["id", 4], ["LIMIT", 1]]
  ↳ app/views/layouts/application.html.erb:11
Completed 200 OK in 245ms (Views: 228.1ms | ActiveRecord: 1.6ms)


Started GET "/users/sign_up" for ::1 at 2020-11-01 17:11:59 -0300
Processing by Devise::RegistrationsController#new as HTML
  [1m[36mUser Load (0.8ms)[0m  [1m[34mSELECT  "users".* FROM "users" WHERE "users"."id" = $1 ORDER BY "users"."id" ASC LIMIT $2[0m  [["id", 4], ["LIMIT", 1]]
  ↳ /home/tomas/.rvm/gems/ruby-2.7.1/gems/activerecord-5.2.4.4/lib/active_record/log_subscriber.rb:98
Redirected to http://localhost:3000/
Filter chain halted as :require_no_authentication rendered or redirected
Completed 302 Found in 21ms (ActiveRecord: 0.8ms)


Started GET "/" for ::1 at 2020-11-01 17:11:59 -0300
Processing by HomePageController#home as HTML
  [1m[35m (1.3ms)[0m  [1m[34mSELECT COUNT(*) FROM "users"[0m
  ↳ app/controllers/home_page_controller.rb:5
  Rendering home_page/home.html.erb within layouts/application
  Rendered home_page/home.html.erb within layouts/application (1.0ms)
  [1m[36mUser Load (1.0ms)[0m  [1m[34mSELECT  "users".* FROM "users" WHERE "users"."id" = $1 ORDER BY "users"."id" ASC LIMIT $2[0m  [["id", 4], ["LIMIT", 1]]
  ↳ app/views/layouts/application.html.erb:11
Completed 200 OK in 365ms (Views: 343.4ms | ActiveRecord: 2.4ms)


Started GET "/users/sign_in" for ::1 at 2020-11-01 17:12:00 -0300
Processing by Users::SessionsController#new as HTML
  [1m[36mUser Load (0.7ms)[0m  [1m[34mSELECT  "users".* FROM "users" WHERE "users"."id" = $1 ORDER BY "users"."id" ASC LIMIT $2[0m  [["id", 4], ["LIMIT", 1]]
  ↳ /home/tomas/.rvm/gems/ruby-2.7.1/gems/activerecord-5.2.4.4/lib/active_record/log_subscriber.rb:98
Redirected to http://localhost:3000/
Filter chain halted as :require_no_authentication rendered or redirected
Completed 302 Found in 12ms (ActiveRecord: 0.7ms)


Started GET "/" for ::1 at 2020-11-01 17:12:00 -0300
Processing by HomePageController#home as HTML
  [1m[35m (0.9ms)[0m  [1m[34mSELECT COUNT(*) FROM "users"[0m
  ↳ app/controllers/home_page_controller.rb:5
  Rendering home_page/home.html.erb within layouts/application
  Rendered home_page/home.html.erb within layouts/application (0.9ms)
  [1m[36mUser Load (0.6ms)[0m  [1m[34mSELECT  "users".* FROM "users" WHERE "users"."id" = $1 ORDER BY "users"."id" ASC LIMIT $2[0m  [["id", 4], ["LIMIT", 1]]
  ↳ app/views/layouts/application.html.erb:11
Completed 200 OK in 278ms (Views: 263.4ms | ActiveRecord: 1.6ms)


Started GET "/settings/display" for ::1 at 2020-11-01 17:12:02 -0300
Processing by SettingsController#display as HTML
  Rendering settings/display.html.erb within layouts/application
  Rendered settings/display.html.erb within layouts/application (0.9ms)
  [1m[36mUser Load (0.7ms)[0m  [1m[34mSELECT  "users".* FROM "users" WHERE "users"."id" = $1 ORDER BY "users"."id" ASC LIMIT $2[0m  [["id", 4], ["LIMIT", 1]]
  ↳ app/views/layouts/application.html.erb:11
Completed 200 OK in 246ms (Views: 231.5ms | ActiveRecord: 0.7ms)


Started DELETE "/users/sign_out" for ::1 at 2020-11-01 17:12:10 -0300
Processing by Users::SessionsController#destroy as HTML
  Parameters: {"authenticity_token"=>"T4IGuYEQPRWqgLP38ysxB7ty2IYTErYBMid9tN+R6Zqryt9OPmqbVjxaGnd252kQHO5PejojbSg+LhOvRocxLg=="}
  [1m[36mUser Load (0.6ms)[0m  [1m[34mSELECT  "users".* FROM "users" WHERE "users"."id" = $1 ORDER BY "users"."id" ASC LIMIT $2[0m  [["id", 4], ["LIMIT", 1]]
  ↳ /home/tomas/.rvm/gems/ruby-2.7.1/gems/activerecord-5.2.4.4/lib/active_record/log_subscriber.rb:98
  [1m[35m (0.8ms)[0m  [1m[35mBEGIN[0m
  ↳ /home/tomas/.rvm/gems/ruby-2.7.1/gems/activerecord-5.2.4.4/lib/active_record/log_subscriber.rb:98
  [1m[35m (0.9ms)[0m  [1m[35mCOMMIT[0m
  ↳ /home/tomas/.rvm/gems/ruby-2.7.1/gems/activerecord-5.2.4.4/lib/active_record/log_subscriber.rb:98
Redirected to http://localhost:3000/
Completed 302 Found in 174ms (ActiveRecord: 2.3ms)


Started GET "/" for ::1 at 2020-11-01 17:12:11 -0300
Processing by HomePageController#home as HTML
  [1m[35m (1.8ms)[0m  [1m[34mSELECT COUNT(*) FROM "users"[0m
  ↳ app/controllers/home_page_controller.rb:5
  Rendering home_page/home.html.erb within layouts/application
  Rendered home_page/home.html.erb within layouts/application (1.8ms)
Completed 200 OK in 543ms (Views: 511.3ms | ActiveRecord: 1.8ms)


Started GET "/settings/display" for ::1 at 2020-11-01 17:12:31 -0300
Processing by SettingsController#display as HTML
  Rendering settings/display.html.erb within layouts/application
  Rendered settings/display.html.erb within layouts/application (1.2ms)
Completed 200 OK in 280ms (Views: 266.9ms | ActiveRecord: 0.0ms)


Started GET "/settings/display" for ::1 at 2020-11-01 17:15:34 -0300
Processing by SettingsController#display as HTML
Completed 401 Unauthorized in 8ms (ActiveRecord: 0.0ms)


Started GET "/users/sign_in" for ::1 at 2020-11-01 17:15:35 -0300
Processing by Users::SessionsController#new as HTML
  Rendering users/sessions/new.html.erb within layouts/application
  Rendered users/shared/_links.html.erb (3.2ms)
  Rendered users/sessions/new.html.erb within layouts/application (124.9ms)
Completed 200 OK in 706ms (Views: 654.4ms | ActiveRecord: 16.2ms)


Started GET "/" for ::1 at 2020-11-01 17:15:37 -0300
Processing by HomePageController#home as HTML
  [1m[35m (1.5ms)[0m  [1m[34mSELECT COUNT(*) FROM "users"[0m
  ↳ app/controllers/home_page_controller.rb:5
  Rendering home_page/home.html.erb within layouts/application
  Rendered home_page/home.html.erb within layouts/application (1.1ms)
Completed 200 OK in 496ms (Views: 463.6ms | ActiveRecord: 1.5ms)


Started GET "/profile/profile" for ::1 at 2020-11-01 17:15:43 -0300
Processing by ProfileController#profile as HTML
Completed 401 Unauthorized in 5ms (ActiveRecord: 0.0ms)


Started GET "/users/sign_in" for ::1 at 2020-11-01 17:15:43 -0300
Processing by Users::SessionsController#new as HTML
  Rendering users/sessions/new.html.erb within layouts/application
  Rendered users/shared/_links.html.erb (2.6ms)
  Rendered users/sessions/new.html.erb within layouts/application (27.8ms)
Completed 200 OK in 510ms (Views: 507.2ms | ActiveRecord: 0.0ms)


Started GET "/" for ::1 at 2020-11-01 17:19:18 -0300
Processing by HomePageController#home as HTML
  [1m[35m (0.5ms)[0m  [1m[34mSELECT COUNT(*) FROM "users"[0m
  ↳ app/controllers/home_page_controller.rb:5
  Rendering home_page/home.html.erb within layouts/application
  Rendered home_page/home.html.erb within layouts/application (0.5ms)
Completed 200 OK in 118ms (Views: 110.3ms | ActiveRecord: 0.5ms)


Started GET "/" for ::1 at 2020-11-01 17:20:50 -0300
Processing by HomePageController#home as HTML
  [1m[35m (0.8ms)[0m  [1m[34mSELECT COUNT(*) FROM "users"[0m
  ↳ app/controllers/home_page_controller.rb:5
  Rendering home_page/home.html.erb within layouts/application
  Rendered home_page/home.html.erb within layouts/application (0.5ms)
Completed 200 OK in 163ms (Views: 146.1ms | ActiveRecord: 0.8ms)


Started GET "/users/sign_in" for ::1 at 2020-11-01 17:20:53 -0300
Processing by Users::SessionsController#new as HTML
  Rendering users/sessions/new.html.erb within layouts/application
  Rendered users/shared/_links.html.erb (0.8ms)
  Rendered users/sessions/new.html.erb within layouts/application (8.2ms)
Completed 200 OK in 155ms (Views: 152.8ms | ActiveRecord: 0.0ms)


Started POST "/users/sign_in" for ::1 at 2020-11-01 17:21:01 -0300
Processing by Users::SessionsController#create as HTML
  Parameters: {"utf8"=>"✓", "authenticity_token"=>"IfnpiAe/J4YCuqCFthhiHJTs271/c2NFCt0ivpT0SoUuKavM+MY08qTF2OcvVFNa+LK3it/3hpgs/HWf9G4NTw==", "user"=>{"email"=>"tvrivera@uc.cl", "password"=>"[FILTERED]", "remember_me"=>"0"}, "commit"=>"Log in"}
  [1m[36mUser Load (0.5ms)[0m  [1m[34mSELECT  "users".* FROM "users" WHERE "users"."email" = $1 ORDER BY "users"."id" ASC LIMIT $2[0m  [["email", "tvrivera@uc.cl"], ["LIMIT", 1]]
  ↳ /home/tomas/.rvm/gems/ruby-2.7.1/gems/activerecord-5.2.4.4/lib/active_record/log_subscriber.rb:98
Redirected to http://localhost:3000/profile/profile
Completed 302 Found in 297ms (ActiveRecord: 0.5ms)


Started GET "/profile/profile" for ::1 at 2020-11-01 17:21:01 -0300
Processing by ProfileController#profile as HTML
  [1m[36mUser Load (0.4ms)[0m  [1m[34mSELECT  "users".* FROM "users" WHERE "users"."id" = $1 ORDER BY "users"."id" ASC LIMIT $2[0m  [["id", 2], ["LIMIT", 1]]
  ↳ /home/tomas/.rvm/gems/ruby-2.7.1/gems/activerecord-5.2.4.4/lib/active_record/log_subscriber.rb:98
  Rendering profile/profile.html.erb within layouts/application
  [1m[36mComuna Load (0.2ms)[0m  [1m[34mSELECT  "comunas".* FROM "comunas" WHERE "comunas"."id" = $1 LIMIT $2[0m  [["id", 23], ["LIMIT", 1]]
  ↳ app/views/profile/profile.html.erb:3
  Rendered profile/profile.html.erb within layouts/application (17.0ms)
Completed 200 OK in 163ms (Views: 148.4ms | ActiveRecord: 5.1ms)


Started GET "/" for ::1 at 2020-11-01 17:26:25 -0300
  [1m[35m (1.7ms)[0m  [1m[34mSELECT "schema_migrations"."version" FROM "schema_migrations" ORDER BY "schema_migrations"."version" ASC[0m
  ↳ /home/tomas/.rvm/gems/ruby-2.7.1/gems/activerecord-5.2.4.4/lib/active_record/log_subscriber.rb:98
Processing by HomePageController#home as HTML
  [1m[35m (4.8ms)[0m  [1m[34mSELECT COUNT(*) FROM "users"[0m
  ↳ app/controllers/home_page_controller.rb:5
  Rendering home_page/home.html.erb within layouts/application
  Rendered home_page/home.html.erb within layouts/application (7.7ms)
  [1m[36mUser Load (0.5ms)[0m  [1m[34mSELECT  "users".* FROM "users" WHERE "users"."id" = $1 ORDER BY "users"."id" ASC LIMIT $2[0m  [["id", 2], ["LIMIT", 1]]
  ↳ app/views/layouts/application.html.erb:11
Completed 200 OK in 1820ms (Views: 1769.6ms | ActiveRecord: 13.2ms)


Started GET "/" for ::1 at 2020-11-01 17:26:32 -0300
Processing by HomePageController#home as HTML
  [1m[35m (0.7ms)[0m  [1m[34mSELECT COUNT(*) FROM "users"[0m
  ↳ app/controllers/home_page_controller.rb:5
  Rendering home_page/home.html.erb within layouts/application
  Rendered home_page/home.html.erb within layouts/application (0.5ms)
  [1m[36mUser Load (0.6ms)[0m  [1m[34mSELECT  "users".* FROM "users" WHERE "users"."id" = $1 ORDER BY "users"."id" ASC LIMIT $2[0m  [["id", 2], ["LIMIT", 1]]
  ↳ app/views/layouts/application.html.erb:11
Completed 200 OK in 141ms (Views: 132.8ms | ActiveRecord: 1.4ms)


Started GET "/" for ::1 at 2020-11-01 17:49:30 -0300
  [1m[35m (1.7ms)[0m  [1m[34mSELECT "schema_migrations"."version" FROM "schema_migrations" ORDER BY "schema_migrations"."version" ASC[0m
  ↳ /home/tomas/.rvm/gems/ruby-2.7.1/gems/activerecord-5.2.4.4/lib/active_record/log_subscriber.rb:98
Processing by HomePageController#home as HTML
  [1m[35m (4.8ms)[0m  [1m[34mSELECT COUNT(*) FROM "users"[0m
  ↳ app/controllers/home_page_controller.rb:5
  Rendering home_page/home.html.erb within layouts/application
  Rendered home_page/home.html.erb within layouts/application (1.1ms)
  [1m[36mUser Load (0.7ms)[0m  [1m[34mSELECT  "users".* FROM "users" WHERE "users"."id" = $1 ORDER BY "users"."id" ASC LIMIT $2[0m  [["id", 2], ["LIMIT", 1]]
  ↳ app/views/layouts/application.html.erb:11
Completed 200 OK in 1246ms (Views: 1198.7ms | ActiveRecord: 18.3ms)


